{"uuid":"0d4240e1-bd9d-4675-a931-be5f9ab9e28e","historyId":"4bbe075f6bcfa611430616ec9a02bf01","fullName":"src/test/resources/features/Checkout.feature:54","labels":[{"name":"tag","value":"checkout"},{"name":"tag","value":"regression"},{"name":"host","value":"Adarsh"},{"name":"thread","value":"20452@Adarsh.TestNG-tests-2(26)"},{"name":"feature","value":"Checkout Process"},{"name":"story","value":"Cancel checkout and return to cart"},{"name":"suite","value":"Checkout Process"},{"name":"testClass","value":"Cancel checkout and return to cart"},{"name":"framework","value":"cucumber4jvm"},{"name":"language","value":"java"},{"name":"gherkin_uri","value":"file:///C:/Users/HP/IdeaProjects/sauce-demo-automation/src/test/resources/features/Checkout.feature"},{"name":"package","value":"src.test.resources.features.Checkout_feature.Checkout Process"}],"links":[],"name":"Cancel checkout and return to cart","status":"failed","statusDetails":{"known":false,"muted":false,"flaky":false,"message":"User not on cart page expected [true] but found [false]","trace":"java.lang.AssertionError: User not on cart page expected [true] but found [false]\r\n\tat org.testng.Assert.fail(Assert.java:111)\r\n\tat org.testng.Assert.failNotEquals(Assert.java:1578)\r\n\tat org.testng.Assert.assertTrue(Assert.java:57)\r\n\tat stepDefinitions.ProductSteps.userShouldBeOnCartPage(ProductSteps.java:95)\r\n\tat ✽.user should be on cart page(file:///C:/Users/HP/IdeaProjects/sauce-demo-automation/src/test/resources/features/Checkout.feature:57)\r\n"},"stage":"finished","steps":[{"name":"Given  user is on the SauceDemo login page","status":"passed","statusDetails":{"known":false,"muted":false,"flaky":false},"stage":"finished","steps":[],"attachments":[],"parameters":[],"start":1771433823686,"stop":1771433824837},{"name":"When  user logs in with valid credentials","status":"passed","statusDetails":{"known":false,"muted":false,"flaky":false},"stage":"finished","steps":[],"attachments":[],"parameters":[],"start":1771433824838,"stop":1771433825303},{"name":"And  user adds \"Sauce Labs Backpack\" to cart","status":"passed","statusDetails":{"known":false,"muted":false,"flaky":false},"stage":"finished","steps":[],"attachments":[],"parameters":[],"start":1771433825304,"stop":1771433825475},{"name":"And  user clicks on shopping cart","status":"passed","statusDetails":{"known":false,"muted":false,"flaky":false},"stage":"finished","steps":[],"attachments":[],"parameters":[],"start":1771433825478,"stop":1771433825586},{"name":"And  user is on cart page","status":"passed","statusDetails":{"known":false,"muted":false,"flaky":false},"stage":"finished","steps":[],"attachments":[],"parameters":[],"start":1771433825587,"stop":1771433825635},{"name":"When  user clicks on checkout button","status":"passed","statusDetails":{"known":false,"muted":false,"flaky":false},"stage":"finished","steps":[],"attachments":[],"parameters":[],"start":1771433825636,"stop":1771433825727},{"name":"And  user clicks cancel button","status":"passed","statusDetails":{"known":false,"muted":false,"flaky":false},"stage":"finished","steps":[],"attachments":[],"parameters":[],"start":1771433825729,"stop":1771433825839},{"name":"Then  user should be on cart page","status":"failed","statusDetails":{"known":false,"muted":false,"flaky":false,"message":"User not on cart page expected [true] but found [false]","trace":"java.lang.AssertionError: User not on cart page expected [true] but found [false]\r\n\tat org.testng.Assert.fail(Assert.java:111)\r\n\tat org.testng.Assert.failNotEquals(Assert.java:1578)\r\n\tat org.testng.Assert.assertTrue(Assert.java:57)\r\n\tat stepDefinitions.ProductSteps.userShouldBeOnCartPage(ProductSteps.java:95)\r\n\tat ✽.user should be on cart page(file:///C:/Users/HP/IdeaProjects/sauce-demo-automation/src/test/resources/features/Checkout.feature:57)\r\n"},"stage":"finished","steps":[],"attachments":[],"parameters":[],"start":1771433825840,"stop":1771433825848}],"attachments":[],"parameters":[],"start":1771433822660,"stop":1771433826418}