{"uuid":"28da8f51-4d70-41a7-b136-aa618ca76785","historyId":"86528454a5ea4a0030e0a08106bc1d7e","fullName":"src/test/resources/features/Checkout.feature:48","labels":[{"name":"tag","value":"checkout"},{"name":"tag","value":"regression"},{"name":"host","value":"Adarsh"},{"name":"thread","value":"13584@Adarsh.TestNG-tests-1(25)"},{"name":"feature","value":"Checkout Process"},{"name":"story","value":"Checkout with missing postal code"},{"name":"suite","value":"Checkout Process"},{"name":"testClass","value":"Checkout with missing postal code"},{"name":"framework","value":"cucumber4jvm"},{"name":"language","value":"java"},{"name":"gherkin_uri","value":"file:///C:/Users/HP/IdeaProjects/sauce-demo-automation/src/test/resources/features/Checkout.feature"},{"name":"package","value":"src.test.resources.features.Checkout_feature.Checkout Process"}],"links":[],"name":"Checkout with missing postal code","status":"broken","statusDetails":{"known":false,"muted":false,"flaky":false,"message":"Keys to send should be a not null CharSequence","trace":"java.lang.IllegalArgumentException: Keys to send should be a not null CharSequence\r\n\tat org.openqa.selenium.remote.RemoteWebElement.sendKeys(RemoteWebElement.java:96)\r\n\tat pages.BasePage.enterText(BasePage.java:58)\r\n\tat pages.CheckoutPage.enterCheckoutInformation(CheckoutPage.java:46)\r\n\tat stepDefinitions.CheckoutSteps.userEntersCheckoutInformation(CheckoutSteps.java:45)\r\n\tat ✽.user enters checkout information(file:///C:/Users/HP/IdeaProjects/sauce-demo-automation/src/test/resources/features/Checkout.feature:50)\r\n"},"stage":"finished","description":"  As a logged in user with items in cart\n  I want to complete the checkout process\n  So that I can purchase the products","steps":[{"name":"Given  user is on the SauceDemo login page","status":"passed","statusDetails":{"known":false,"muted":false,"flaky":false},"stage":"finished","steps":[],"attachments":[],"parameters":[],"start":1771431599552,"stop":1771431601401},{"name":"When  user logs in with valid credentials","status":"passed","statusDetails":{"known":false,"muted":false,"flaky":false},"stage":"finished","steps":[],"attachments":[],"parameters":[],"start":1771431601402,"stop":1771431601751},{"name":"And  user adds \"Sauce Labs Backpack\" to cart","status":"passed","statusDetails":{"known":false,"muted":false,"flaky":false},"stage":"finished","steps":[],"attachments":[],"parameters":[],"start":1771431601752,"stop":1771431601842},{"name":"And  user clicks on shopping cart","status":"passed","statusDetails":{"known":false,"muted":false,"flaky":false},"stage":"finished","steps":[],"attachments":[],"parameters":[],"start":1771431601843,"stop":1771431601941},{"name":"And  user is on cart page","status":"passed","statusDetails":{"known":false,"muted":false,"flaky":false},"stage":"finished","steps":[],"attachments":[],"parameters":[],"start":1771431601942,"stop":1771431601995},{"name":"When  user clicks on checkout button","status":"passed","statusDetails":{"known":false,"muted":false,"flaky":false},"stage":"finished","steps":[],"attachments":[],"parameters":[],"start":1771431601996,"stop":1771431602084},{"name":"And  user enters checkout information","status":"broken","statusDetails":{"known":false,"muted":false,"flaky":false,"message":"Keys to send should be a not null CharSequence","trace":"java.lang.IllegalArgumentException: Keys to send should be a not null CharSequence\r\n\tat org.openqa.selenium.remote.RemoteWebElement.sendKeys(RemoteWebElement.java:96)\r\n\tat pages.BasePage.enterText(BasePage.java:58)\r\n\tat pages.CheckoutPage.enterCheckoutInformation(CheckoutPage.java:46)\r\n\tat stepDefinitions.CheckoutSteps.userEntersCheckoutInformation(CheckoutSteps.java:45)\r\n\tat ✽.user enters checkout information(file:///C:/Users/HP/IdeaProjects/sauce-demo-automation/src/test/resources/features/Checkout.feature:50)\r\n"},"stage":"finished","steps":[],"attachments":[{"name":"Data table","source":"3dd99fe5-1b77-4979-9031-891fb8c7ff38-attachment.csv","type":"text/tab-separated-values"}],"parameters":[],"start":1771431602088,"stop":1771431602334},{"name":"And  user clicks continue button","status":"skipped","statusDetails":{"known":false,"muted":false,"flaky":false},"stage":"finished","steps":[],"attachments":[],"parameters":[],"start":1771431602335,"stop":1771431602335},{"name":"Then  error message should be displayed","status":"skipped","statusDetails":{"known":false,"muted":false,"flaky":false},"stage":"finished","steps":[],"attachments":[],"parameters":[],"start":1771431602336,"stop":1771431602336},{"name":"And  error message should contain \"Postal Code is required\"","status":"skipped","statusDetails":{"known":false,"muted":false,"flaky":false},"stage":"finished","steps":[],"attachments":[],"parameters":[],"start":1771431602336,"stop":1771431602336}],"attachments":[],"parameters":[],"start":1771431598736,"stop":1771431602839}