{"uuid":"5441469d-837c-4121-93dc-17dce7a4826d","historyId":"438d4f60a861c74c6259a4a2998cdd50","fullName":"src/test/resources/features/Checkout.feature:60","labels":[{"name":"tag","value":"checkout"},{"name":"tag","value":"smoke"},{"name":"host","value":"Adarsh"},{"name":"thread","value":"10916@Adarsh.TestNG-tests-2(26)"},{"name":"feature","value":"Checkout Process"},{"name":"story","value":"Verify checkout overview displays correct information"},{"name":"suite","value":"Checkout Process"},{"name":"testClass","value":"Verify checkout overview displays correct information"},{"name":"framework","value":"cucumber4jvm"},{"name":"language","value":"java"},{"name":"gherkin_uri","value":"file:///C:/Users/HP/IdeaProjects/sauce-demo-automation/src/test/resources/features/Checkout.feature"},{"name":"package","value":"src.test.resources.features.Checkout_feature.Checkout Process"}],"links":[],"name":"Verify checkout overview displays correct information","status":"failed","statusDetails":{"known":false,"muted":false,"flaky":false,"message":"User not on checkout overview page expected [true] but found [false]","trace":"java.lang.AssertionError: User not on checkout overview page expected [true] but found [false]\r\n\tat org.testng.Assert.fail(Assert.java:111)\r\n\tat org.testng.Assert.failNotEquals(Assert.java:1578)\r\n\tat org.testng.Assert.assertTrue(Assert.java:57)\r\n\tat stepDefinitions.CheckoutSteps.userShouldBeOnCheckoutOverviewPage(CheckoutSteps.java:55)\r\n\tat ✽.user should be on checkout overview page(file:///C:/Users/HP/IdeaProjects/sauce-demo-automation/src/test/resources/features/Checkout.feature:66)\r\n"},"stage":"finished","steps":[{"name":"Given  user is on the SauceDemo login page","status":"passed","statusDetails":{"known":false,"muted":false,"flaky":false},"stage":"finished","steps":[],"attachments":[],"parameters":[],"start":1771433969343,"stop":1771433970301},{"name":"When  user logs in with valid credentials","status":"passed","statusDetails":{"known":false,"muted":false,"flaky":false},"stage":"finished","steps":[],"attachments":[],"parameters":[],"start":1771433970302,"stop":1771433970700},{"name":"And  user adds \"Sauce Labs Backpack\" to cart","status":"passed","statusDetails":{"known":false,"muted":false,"flaky":false},"stage":"finished","steps":[],"attachments":[],"parameters":[],"start":1771433970700,"stop":1771433970853},{"name":"And  user clicks on shopping cart","status":"passed","statusDetails":{"known":false,"muted":false,"flaky":false},"stage":"finished","steps":[],"attachments":[],"parameters":[],"start":1771433970853,"stop":1771433971020},{"name":"And  user is on cart page","status":"passed","statusDetails":{"known":false,"muted":false,"flaky":false},"stage":"finished","steps":[],"attachments":[],"parameters":[],"start":1771433971022,"stop":1771433971068},{"name":"When  user clicks on checkout button","status":"passed","statusDetails":{"known":false,"muted":false,"flaky":false},"stage":"finished","steps":[],"attachments":[],"parameters":[],"start":1771433971069,"stop":1771433971171},{"name":"And  user enters checkout information","status":"passed","statusDetails":{"known":false,"muted":false,"flaky":false},"stage":"finished","steps":[],"attachments":[{"name":"Data table","source":"21c630a3-6c78-4fd4-8ff1-05f3e4bc5126-attachment.csv","type":"text/tab-separated-values"}],"parameters":[],"start":1771433971171,"stop":1771433971467},{"name":"And  user clicks continue button","status":"passed","statusDetails":{"known":false,"muted":false,"flaky":false},"stage":"finished","steps":[],"attachments":[],"parameters":[],"start":1771433971468,"stop":1771433971545},{"name":"Then  user should be on checkout overview page","status":"failed","statusDetails":{"known":false,"muted":false,"flaky":false,"message":"User not on checkout overview page expected [true] but found [false]","trace":"java.lang.AssertionError: User not on checkout overview page expected [true] but found [false]\r\n\tat org.testng.Assert.fail(Assert.java:111)\r\n\tat org.testng.Assert.failNotEquals(Assert.java:1578)\r\n\tat org.testng.Assert.assertTrue(Assert.java:57)\r\n\tat stepDefinitions.CheckoutSteps.userShouldBeOnCheckoutOverviewPage(CheckoutSteps.java:55)\r\n\tat ✽.user should be on checkout overview page(file:///C:/Users/HP/IdeaProjects/sauce-demo-automation/src/test/resources/features/Checkout.feature:66)\r\n"},"stage":"finished","steps":[],"attachments":[],"parameters":[],"start":1771433971546,"stop":1771433971557},{"name":"And  payment information should be displayed","status":"skipped","statusDetails":{"known":false,"muted":false,"flaky":false},"stage":"finished","steps":[],"attachments":[],"parameters":[],"start":1771433971558,"stop":1771433971558},{"name":"And  shipping information should be displayed","status":"skipped","statusDetails":{"known":false,"muted":false,"flaky":false},"stage":"finished","steps":[],"attachments":[],"parameters":[],"start":1771433971558,"stop":1771433971559},{"name":"And  price total should be displayed","status":"skipped","statusDetails":{"known":false,"muted":false,"flaky":false},"stage":"finished","steps":[],"attachments":[],"parameters":[],"start":1771433971559,"stop":1771433971560}],"attachments":[],"parameters":[],"start":1771433968261,"stop":1771433972080}