{"uuid":"69272002-59a1-49f7-a1f5-cec44108f63b","historyId":"48c435614791c39c16c11e22f057d35e","fullName":"src/test/resources/features/Checkout.feature:12","labels":[{"name":"tag","value":"checkout"},{"name":"tag","value":"smoke"},{"name":"tag","value":"e2e"},{"name":"host","value":"Adarsh"},{"name":"thread","value":"9264@Adarsh.TestNG-tests-2(26)"},{"name":"feature","value":"Checkout Process"},{"name":"story","value":"Complete checkout with valid information"},{"name":"suite","value":"Checkout Process"},{"name":"testClass","value":"Complete checkout with valid information"},{"name":"framework","value":"cucumber4jvm"},{"name":"language","value":"java"},{"name":"gherkin_uri","value":"file:///C:/Users/HP/IdeaProjects/sauce-demo-automation/src/test/resources/features/Checkout.feature"},{"name":"package","value":"src.test.resources.features.Checkout_feature.Checkout Process"}],"links":[],"name":"Complete checkout with valid information","status":"failed","statusDetails":{"known":false,"muted":false,"flaky":false,"message":"User not on checkout overview page expected [true] but found [false]","trace":"java.lang.AssertionError: User not on checkout overview page expected [true] but found [false]\r\n\tat org.testng.Assert.fail(Assert.java:111)\r\n\tat org.testng.Assert.failNotEquals(Assert.java:1578)\r\n\tat org.testng.Assert.assertTrue(Assert.java:57)\r\n\tat stepDefinitions.CheckoutSteps.userShouldBeOnCheckoutOverviewPage(CheckoutSteps.java:55)\r\n\tat ✽.user should be on checkout overview page(file:///C:/Users/HP/IdeaProjects/sauce-demo-automation/src/test/resources/features/Checkout.feature:18)\r\n"},"stage":"finished","steps":[{"name":"Given  user is on the SauceDemo login page","status":"passed","statusDetails":{"known":false,"muted":false,"flaky":false},"stage":"finished","steps":[],"attachments":[],"parameters":[],"start":1771434499431,"stop":1771434500948},{"name":"When  user logs in with valid credentials","status":"passed","statusDetails":{"known":false,"muted":false,"flaky":false},"stage":"finished","steps":[],"attachments":[],"parameters":[],"start":1771434500953,"stop":1771434501378},{"name":"And  user adds \"Sauce Labs Backpack\" to cart","status":"passed","statusDetails":{"known":false,"muted":false,"flaky":false},"stage":"finished","steps":[],"attachments":[],"parameters":[],"start":1771434501382,"stop":1771434501476},{"name":"And  user clicks on shopping cart","status":"passed","statusDetails":{"known":false,"muted":false,"flaky":false},"stage":"finished","steps":[],"attachments":[],"parameters":[],"start":1771434501478,"stop":1771434501583},{"name":"And  user is on cart page","status":"passed","statusDetails":{"known":false,"muted":false,"flaky":false},"stage":"finished","steps":[],"attachments":[],"parameters":[],"start":1771434501584,"stop":1771434501643},{"name":"When  user clicks on checkout button","status":"passed","statusDetails":{"known":false,"muted":false,"flaky":false},"stage":"finished","steps":[],"attachments":[],"parameters":[],"start":1771434501646,"stop":1771434501755},{"name":"And  user enters checkout information","status":"passed","statusDetails":{"known":false,"muted":false,"flaky":false},"stage":"finished","steps":[],"attachments":[{"name":"Data table","source":"aa945c74-d303-44cf-a460-fa0f7d1253d3-attachment.csv","type":"text/tab-separated-values"}],"parameters":[],"start":1771434501758,"stop":1771434502081},{"name":"And  user clicks continue button","status":"passed","statusDetails":{"known":false,"muted":false,"flaky":false},"stage":"finished","steps":[],"attachments":[],"parameters":[],"start":1771434502082,"stop":1771434502181},{"name":"Then  user should be on checkout overview page","status":"failed","statusDetails":{"known":false,"muted":false,"flaky":false,"message":"User not on checkout overview page expected [true] but found [false]","trace":"java.lang.AssertionError: User not on checkout overview page expected [true] but found [false]\r\n\tat org.testng.Assert.fail(Assert.java:111)\r\n\tat org.testng.Assert.failNotEquals(Assert.java:1578)\r\n\tat org.testng.Assert.assertTrue(Assert.java:57)\r\n\tat stepDefinitions.CheckoutSteps.userShouldBeOnCheckoutOverviewPage(CheckoutSteps.java:55)\r\n\tat ✽.user should be on checkout overview page(file:///C:/Users/HP/IdeaProjects/sauce-demo-automation/src/test/resources/features/Checkout.feature:18)\r\n"},"stage":"finished","steps":[],"attachments":[],"parameters":[],"start":1771434502184,"stop":1771434502210},{"name":"When  user clicks finish button","status":"skipped","statusDetails":{"known":false,"muted":false,"flaky":false},"stage":"finished","steps":[],"attachments":[],"parameters":[],"start":1771434502212,"stop":1771434502213},{"name":"Then  checkout should be complete","status":"skipped","statusDetails":{"known":false,"muted":false,"flaky":false},"stage":"finished","steps":[],"attachments":[],"parameters":[],"start":1771434502217,"stop":1771434502217},{"name":"And  completion message should be displayed","status":"skipped","statusDetails":{"known":false,"muted":false,"flaky":false},"stage":"finished","steps":[],"attachments":[],"parameters":[],"start":1771434502219,"stop":1771434502220}],"attachments":[],"parameters":[],"start":1771434497612,"stop":1771434502721}