{"uuid":"9aba1863-886a-448e-abb0-3ad9af30b575","historyId":"981c414f03113df51d7d182775725601","fullName":"src/test/resources/features/Checkout.feature:28","labels":[{"name":"tag","value":"checkout"},{"name":"tag","value":"regression"},{"name":"host","value":"Adarsh"},{"name":"thread","value":"13584@Adarsh.TestNG-tests-1(25)"},{"name":"feature","value":"Checkout Process"},{"name":"story","value":"Checkout with missing first name"},{"name":"suite","value":"Checkout Process"},{"name":"testClass","value":"Checkout with missing first name"},{"name":"framework","value":"cucumber4jvm"},{"name":"language","value":"java"},{"name":"gherkin_uri","value":"file:///C:/Users/HP/IdeaProjects/sauce-demo-automation/src/test/resources/features/Checkout.feature"},{"name":"package","value":"src.test.resources.features.Checkout_feature.Checkout Process"}],"links":[],"name":"Checkout with missing first name","status":"broken","statusDetails":{"known":false,"muted":false,"flaky":false,"message":"Keys to send should be a not null CharSequence","trace":"java.lang.IllegalArgumentException: Keys to send should be a not null CharSequence\r\n\tat org.openqa.selenium.remote.RemoteWebElement.sendKeys(RemoteWebElement.java:96)\r\n\tat pages.BasePage.enterText(BasePage.java:58)\r\n\tat pages.CheckoutPage.enterCheckoutInformation(CheckoutPage.java:44)\r\n\tat stepDefinitions.CheckoutSteps.userEntersCheckoutInformation(CheckoutSteps.java:45)\r\n\tat ✽.user enters checkout information(file:///C:/Users/HP/IdeaProjects/sauce-demo-automation/src/test/resources/features/Checkout.feature:30)\r\n"},"stage":"finished","description":"  As a logged in user with items in cart\n  I want to complete the checkout process\n  So that I can purchase the products","steps":[{"name":"Given  user is on the SauceDemo login page","status":"passed","statusDetails":{"known":false,"muted":false,"flaky":false},"stage":"finished","steps":[],"attachments":[],"parameters":[],"start":1771431591380,"stop":1771431592773},{"name":"When  user logs in with valid credentials","status":"passed","statusDetails":{"known":false,"muted":false,"flaky":false},"stage":"finished","steps":[],"attachments":[],"parameters":[],"start":1771431592775,"stop":1771431593367},{"name":"And  user adds \"Sauce Labs Backpack\" to cart","status":"passed","statusDetails":{"known":false,"muted":false,"flaky":false},"stage":"finished","steps":[],"attachments":[],"parameters":[],"start":1771431593373,"stop":1771431593553},{"name":"And  user clicks on shopping cart","status":"passed","statusDetails":{"known":false,"muted":false,"flaky":false},"stage":"finished","steps":[],"attachments":[],"parameters":[],"start":1771431593555,"stop":1771431593669},{"name":"And  user is on cart page","status":"passed","statusDetails":{"known":false,"muted":false,"flaky":false},"stage":"finished","steps":[],"attachments":[],"parameters":[],"start":1771431593671,"stop":1771431593729},{"name":"When  user clicks on checkout button","status":"passed","statusDetails":{"known":false,"muted":false,"flaky":false},"stage":"finished","steps":[],"attachments":[],"parameters":[],"start":1771431593730,"stop":1771431593823},{"name":"And  user enters checkout information","status":"broken","statusDetails":{"known":false,"muted":false,"flaky":false,"message":"Keys to send should be a not null CharSequence","trace":"java.lang.IllegalArgumentException: Keys to send should be a not null CharSequence\r\n\tat org.openqa.selenium.remote.RemoteWebElement.sendKeys(RemoteWebElement.java:96)\r\n\tat pages.BasePage.enterText(BasePage.java:58)\r\n\tat pages.CheckoutPage.enterCheckoutInformation(CheckoutPage.java:44)\r\n\tat stepDefinitions.CheckoutSteps.userEntersCheckoutInformation(CheckoutSteps.java:45)\r\n\tat ✽.user enters checkout information(file:///C:/Users/HP/IdeaProjects/sauce-demo-automation/src/test/resources/features/Checkout.feature:30)\r\n"},"stage":"finished","steps":[],"attachments":[{"name":"Data table","source":"6e112efe-81ed-465a-89a0-b421722812ef-attachment.csv","type":"text/tab-separated-values"}],"parameters":[],"start":1771431593828,"stop":1771431593880},{"name":"And  user clicks continue button","status":"skipped","statusDetails":{"known":false,"muted":false,"flaky":false},"stage":"finished","steps":[],"attachments":[],"parameters":[],"start":1771431593882,"stop":1771431593882},{"name":"Then  error message should be displayed","status":"skipped","statusDetails":{"known":false,"muted":false,"flaky":false},"stage":"finished","steps":[],"attachments":[],"parameters":[],"start":1771431593883,"stop":1771431593883},{"name":"And  error message should contain \"First Name is required\"","status":"skipped","statusDetails":{"known":false,"muted":false,"flaky":false},"stage":"finished","steps":[],"attachments":[],"parameters":[],"start":1771431593884,"stop":1771431593885}],"attachments":[],"parameters":[],"start":1771431590403,"stop":1771431594487}