{"uuid":"a04a872a-b080-43d4-97f2-db8aeeefd61c","historyId":"e1f3cbc56eaceffea98c33d23cc4d4a8","fullName":"src/test/resources/features/Checkout.feature:64","labels":[{"name":"tag","value":"checkout"},{"name":"tag","value":"smoke"},{"name":"host","value":"Adarsh"},{"name":"thread","value":"1716@Adarsh.TestNG-tests-1(25)"},{"name":"feature","value":"Checkout Process"},{"name":"story","value":"Verify checkout overview displays correct information"},{"name":"suite","value":"Checkout Process"},{"name":"testClass","value":"Verify checkout overview displays correct information"},{"name":"framework","value":"cucumber4jvm"},{"name":"language","value":"java"},{"name":"gherkin_uri","value":"file:///C:/Users/HP/IdeaProjects/sauce-demo-automation/src/test/resources/features/Checkout.feature"},{"name":"package","value":"src.test.resources.features.Checkout_feature.Checkout Process"}],"links":[],"name":"Verify checkout overview displays correct information","status":"failed","statusDetails":{"known":false,"muted":false,"flaky":false,"message":"User not on checkout overview page expected [true] but found [false]","trace":"java.lang.AssertionError: User not on checkout overview page expected [true] but found [false]\r\n\tat org.testng.Assert.fail(Assert.java:111)\r\n\tat org.testng.Assert.failNotEquals(Assert.java:1578)\r\n\tat org.testng.Assert.assertTrue(Assert.java:57)\r\n\tat stepDefinitions.CheckoutSteps.userShouldBeOnCheckoutOverviewPage(CheckoutSteps.java:55)\r\n\tat ✽.user should be on checkout overview page(file:///C:/Users/HP/IdeaProjects/sauce-demo-automation/src/test/resources/features/Checkout.feature:70)\r\n"},"stage":"finished","description":"  As a logged in user with items in cart\n  I want to complete the checkout process\n  So that I can purchase the products","steps":[{"name":"Given  user is on the SauceDemo login page","status":"passed","statusDetails":{"known":false,"muted":false,"flaky":false},"stage":"finished","steps":[],"attachments":[],"parameters":[],"start":1771431727368,"stop":1771431728912},{"name":"When  user logs in with valid credentials","status":"passed","statusDetails":{"known":false,"muted":false,"flaky":false},"stage":"finished","steps":[],"attachments":[],"parameters":[],"start":1771431728912,"stop":1771431729290},{"name":"And  user adds \"Sauce Labs Backpack\" to cart","status":"passed","statusDetails":{"known":false,"muted":false,"flaky":false},"stage":"finished","steps":[],"attachments":[],"parameters":[],"start":1771431729291,"stop":1771431729418},{"name":"And  user clicks on shopping cart","status":"passed","statusDetails":{"known":false,"muted":false,"flaky":false},"stage":"finished","steps":[],"attachments":[],"parameters":[],"start":1771431729418,"stop":1771431729526},{"name":"And  user is on cart page","status":"passed","statusDetails":{"known":false,"muted":false,"flaky":false},"stage":"finished","steps":[],"attachments":[],"parameters":[],"start":1771431729526,"stop":1771431729580},{"name":"When  user clicks on checkout button","status":"passed","statusDetails":{"known":false,"muted":false,"flaky":false},"stage":"finished","steps":[],"attachments":[],"parameters":[],"start":1771431729581,"stop":1771431729681},{"name":"And  user enters checkout information","status":"passed","statusDetails":{"known":false,"muted":false,"flaky":false},"stage":"finished","steps":[],"attachments":[{"name":"Data table","source":"d003a173-bd89-440f-ab6b-0c8af71206b7-attachment.csv","type":"text/tab-separated-values"}],"parameters":[],"start":1771431729683,"stop":1771431729976},{"name":"And  user clicks continue button","status":"passed","statusDetails":{"known":false,"muted":false,"flaky":false},"stage":"finished","steps":[],"attachments":[],"parameters":[],"start":1771431729977,"stop":1771431730075},{"name":"Then  user should be on checkout overview page","status":"failed","statusDetails":{"known":false,"muted":false,"flaky":false,"message":"User not on checkout overview page expected [true] but found [false]","trace":"java.lang.AssertionError: User not on checkout overview page expected [true] but found [false]\r\n\tat org.testng.Assert.fail(Assert.java:111)\r\n\tat org.testng.Assert.failNotEquals(Assert.java:1578)\r\n\tat org.testng.Assert.assertTrue(Assert.java:57)\r\n\tat stepDefinitions.CheckoutSteps.userShouldBeOnCheckoutOverviewPage(CheckoutSteps.java:55)\r\n\tat ✽.user should be on checkout overview page(file:///C:/Users/HP/IdeaProjects/sauce-demo-automation/src/test/resources/features/Checkout.feature:70)\r\n"},"stage":"finished","steps":[],"attachments":[],"parameters":[],"start":1771431730076,"stop":1771431730081},{"name":"And  payment information should be displayed","status":"skipped","statusDetails":{"known":false,"muted":false,"flaky":false},"stage":"finished","steps":[],"attachments":[],"parameters":[],"start":1771431730083,"stop":1771431730083},{"name":"And  shipping information should be displayed","status":"skipped","statusDetails":{"known":false,"muted":false,"flaky":false},"stage":"finished","steps":[],"attachments":[],"parameters":[],"start":1771431730083,"stop":1771431730084},{"name":"And  price total should be displayed","status":"skipped","statusDetails":{"known":false,"muted":false,"flaky":false},"stage":"finished","steps":[],"attachments":[],"parameters":[],"start":1771431730084,"stop":1771431730085}],"attachments":[],"parameters":[],"start":1771431726089,"stop":1771431730592}