{"uuid":"d09fc21d-3140-4345-96fd-a62bbf363bdc","historyId":"287d4446bdb4918df0b70f393ee13df0","fullName":"src/test/resources/features/Checkout.feature:44","labels":[{"name":"tag","value":"checkout"},{"name":"tag","value":"regression"},{"name":"host","value":"Adarsh"},{"name":"thread","value":"10916@Adarsh.TestNG-tests-2(26)"},{"name":"feature","value":"Checkout Process"},{"name":"story","value":"Checkout with missing postal code"},{"name":"suite","value":"Checkout Process"},{"name":"testClass","value":"Checkout with missing postal code"},{"name":"framework","value":"cucumber4jvm"},{"name":"language","value":"java"},{"name":"gherkin_uri","value":"file:///C:/Users/HP/IdeaProjects/sauce-demo-automation/src/test/resources/features/Checkout.feature"},{"name":"package","value":"src.test.resources.features.Checkout_feature.Checkout Process"}],"links":[],"name":"Checkout with missing postal code","status":"broken","statusDetails":{"known":false,"muted":false,"flaky":false,"message":"Keys to send should be a not null CharSequence","trace":"java.lang.IllegalArgumentException: Keys to send should be a not null CharSequence\r\n\tat org.openqa.selenium.remote.RemoteWebElement.sendKeys(RemoteWebElement.java:96)\r\n\tat pages.BasePage.enterText(BasePage.java:58)\r\n\tat pages.CheckoutPage.enterCheckoutInformation(CheckoutPage.java:46)\r\n\tat stepDefinitions.CheckoutSteps.userEntersCheckoutInformation(CheckoutSteps.java:45)\r\n\tat ✽.user enters checkout information(file:///C:/Users/HP/IdeaProjects/sauce-demo-automation/src/test/resources/features/Checkout.feature:46)\r\n"},"stage":"finished","steps":[{"name":"Given  user is on the SauceDemo login page","status":"passed","statusDetails":{"known":false,"muted":false,"flaky":false},"stage":"finished","steps":[],"attachments":[],"parameters":[],"start":1771433962129,"stop":1771433963031},{"name":"When  user logs in with valid credentials","status":"passed","statusDetails":{"known":false,"muted":false,"flaky":false},"stage":"finished","steps":[],"attachments":[],"parameters":[],"start":1771433963033,"stop":1771433963464},{"name":"And  user adds \"Sauce Labs Backpack\" to cart","status":"passed","statusDetails":{"known":false,"muted":false,"flaky":false},"stage":"finished","steps":[],"attachments":[],"parameters":[],"start":1771433963471,"stop":1771433963642},{"name":"And  user clicks on shopping cart","status":"passed","statusDetails":{"known":false,"muted":false,"flaky":false},"stage":"finished","steps":[],"attachments":[],"parameters":[],"start":1771433963643,"stop":1771433963760},{"name":"And  user is on cart page","status":"passed","statusDetails":{"known":false,"muted":false,"flaky":false},"stage":"finished","steps":[],"attachments":[],"parameters":[],"start":1771433963764,"stop":1771433963815},{"name":"When  user clicks on checkout button","status":"passed","statusDetails":{"known":false,"muted":false,"flaky":false},"stage":"finished","steps":[],"attachments":[],"parameters":[],"start":1771433963816,"stop":1771433963899},{"name":"And  user enters checkout information","status":"broken","statusDetails":{"known":false,"muted":false,"flaky":false,"message":"Keys to send should be a not null CharSequence","trace":"java.lang.IllegalArgumentException: Keys to send should be a not null CharSequence\r\n\tat org.openqa.selenium.remote.RemoteWebElement.sendKeys(RemoteWebElement.java:96)\r\n\tat pages.BasePage.enterText(BasePage.java:58)\r\n\tat pages.CheckoutPage.enterCheckoutInformation(CheckoutPage.java:46)\r\n\tat stepDefinitions.CheckoutSteps.userEntersCheckoutInformation(CheckoutSteps.java:45)\r\n\tat ✽.user enters checkout information(file:///C:/Users/HP/IdeaProjects/sauce-demo-automation/src/test/resources/features/Checkout.feature:46)\r\n"},"stage":"finished","steps":[],"attachments":[{"name":"Data table","source":"9527aee0-162a-4fd0-8c8c-7b941c789694-attachment.csv","type":"text/tab-separated-values"}],"parameters":[],"start":1771433963901,"stop":1771433964145},{"name":"And  user clicks continue button","status":"skipped","statusDetails":{"known":false,"muted":false,"flaky":false},"stage":"finished","steps":[],"attachments":[],"parameters":[],"start":1771433964145,"stop":1771433964146},{"name":"Then  error message should be displayed","status":"skipped","statusDetails":{"known":false,"muted":false,"flaky":false},"stage":"finished","steps":[],"attachments":[],"parameters":[],"start":1771433964147,"stop":1771433964147},{"name":"And  error message should contain \"Postal Code is required\"","status":"skipped","statusDetails":{"known":false,"muted":false,"flaky":false},"stage":"finished","steps":[],"attachments":[],"parameters":[],"start":1771433964148,"stop":1771433964148}],"attachments":[],"parameters":[],"start":1771433961152,"stop":1771433964624}