{"uuid":"e4611a4f-9b8f-483e-9af7-66500db7ff06","historyId":"48c435614791c39c16c11e22f057d35e","fullName":"src/test/resources/features/Checkout.feature:12","labels":[{"name":"tag","value":"checkout"},{"name":"tag","value":"smoke"},{"name":"tag","value":"e2e"},{"name":"host","value":"Adarsh"},{"name":"thread","value":"5036@Adarsh.main(1)"},{"name":"feature","value":"Checkout Process"},{"name":"story","value":"Complete checkout with valid information"},{"name":"suite","value":"Checkout Process"},{"name":"testClass","value":"Complete checkout with valid information"},{"name":"framework","value":"cucumber4jvm"},{"name":"language","value":"java"},{"name":"gherkin_uri","value":"file:///C:/Users/HP/IdeaProjects/sauce-demo-automation/src/test/resources/features/Checkout.feature"},{"name":"package","value":"src.test.resources.features.Checkout_feature.Checkout Process"}],"links":[],"name":"Complete checkout with valid information","status":"failed","statusDetails":{"known":false,"muted":false,"flaky":false,"message":"User not on checkout overview page expected [true] but found [false]","trace":"java.lang.AssertionError: User not on checkout overview page expected [true] but found [false]\r\n\tat org.testng.Assert.fail(Assert.java:111)\r\n\tat org.testng.Assert.failNotEquals(Assert.java:1578)\r\n\tat org.testng.Assert.assertTrue(Assert.java:57)\r\n\tat stepDefinitions.CheckoutSteps.userShouldBeOnCheckoutOverviewPage(CheckoutSteps.java:55)\r\n\tat ✽.user should be on checkout overview page(file:///C:/Users/HP/IdeaProjects/sauce-demo-automation/src/test/resources/features/Checkout.feature:18)\r\n"},"stage":"finished","steps":[{"name":"Given  user is on the SauceDemo login page","status":"passed","statusDetails":{"known":false,"muted":false,"flaky":false},"stage":"finished","steps":[],"attachments":[],"parameters":[],"start":1771434234315,"stop":1771434236695},{"name":"When  user logs in with valid credentials","status":"passed","statusDetails":{"known":false,"muted":false,"flaky":false},"stage":"finished","steps":[],"attachments":[],"parameters":[],"start":1771434236700,"stop":1771434237161},{"name":"And  user adds \"Sauce Labs Backpack\" to cart","status":"passed","statusDetails":{"known":false,"muted":false,"flaky":false},"stage":"finished","steps":[],"attachments":[],"parameters":[],"start":1771434237170,"stop":1771434237297},{"name":"And  user clicks on shopping cart","status":"passed","statusDetails":{"known":false,"muted":false,"flaky":false},"stage":"finished","steps":[],"attachments":[],"parameters":[],"start":1771434237298,"stop":1771434237407},{"name":"And  user is on cart page","status":"passed","statusDetails":{"known":false,"muted":false,"flaky":false},"stage":"finished","steps":[],"attachments":[],"parameters":[],"start":1771434237409,"stop":1771434237520},{"name":"When  user clicks on checkout button","status":"passed","statusDetails":{"known":false,"muted":false,"flaky":false},"stage":"finished","steps":[],"attachments":[],"parameters":[],"start":1771434237522,"stop":1771434237628},{"name":"And  user enters checkout information","status":"passed","statusDetails":{"known":false,"muted":false,"flaky":false},"stage":"finished","steps":[],"attachments":[{"name":"Data table","source":"a45c74e8-ce7a-437e-810f-ae058ab85a6c-attachment.csv","type":"text/tab-separated-values"}],"parameters":[],"start":1771434237630,"stop":1771434237924},{"name":"And  user clicks continue button","status":"passed","statusDetails":{"known":false,"muted":false,"flaky":false},"stage":"finished","steps":[],"attachments":[],"parameters":[],"start":1771434237927,"stop":1771434238020},{"name":"Then  user should be on checkout overview page","status":"failed","statusDetails":{"known":false,"muted":false,"flaky":false,"message":"User not on checkout overview page expected [true] but found [false]","trace":"java.lang.AssertionError: User not on checkout overview page expected [true] but found [false]\r\n\tat org.testng.Assert.fail(Assert.java:111)\r\n\tat org.testng.Assert.failNotEquals(Assert.java:1578)\r\n\tat org.testng.Assert.assertTrue(Assert.java:57)\r\n\tat stepDefinitions.CheckoutSteps.userShouldBeOnCheckoutOverviewPage(CheckoutSteps.java:55)\r\n\tat ✽.user should be on checkout overview page(file:///C:/Users/HP/IdeaProjects/sauce-demo-automation/src/test/resources/features/Checkout.feature:18)\r\n"},"stage":"finished","steps":[],"attachments":[],"parameters":[],"start":1771434238023,"stop":1771434238043},{"name":"When  user clicks finish button","status":"skipped","statusDetails":{"known":false,"muted":false,"flaky":false},"stage":"finished","steps":[],"attachments":[],"parameters":[],"start":1771434238049,"stop":1771434238049},{"name":"Then  checkout should be complete","status":"skipped","statusDetails":{"known":false,"muted":false,"flaky":false},"stage":"finished","steps":[],"attachments":[],"parameters":[],"start":1771434238051,"stop":1771434238052},{"name":"And  completion message should be displayed","status":"skipped","statusDetails":{"known":false,"muted":false,"flaky":false},"stage":"finished","steps":[],"attachments":[],"parameters":[],"start":1771434238055,"stop":1771434238056}],"attachments":[],"parameters":[],"start":1771434232469,"stop":1771434238609}