{"uuid":"efb532e4-e91c-4d3a-9f17-a32327fc7391","historyId":"814b24161cc41e9cdf9842c665c3e7fa","fullName":"src/test/resources/features/Checkout.feature:34","labels":[{"name":"tag","value":"checkout"},{"name":"tag","value":"regression"},{"name":"host","value":"Adarsh"},{"name":"thread","value":"20452@Adarsh.TestNG-tests-2(26)"},{"name":"feature","value":"Checkout Process"},{"name":"story","value":"Checkout with missing last name"},{"name":"suite","value":"Checkout Process"},{"name":"testClass","value":"Checkout with missing last name"},{"name":"framework","value":"cucumber4jvm"},{"name":"language","value":"java"},{"name":"gherkin_uri","value":"file:///C:/Users/HP/IdeaProjects/sauce-demo-automation/src/test/resources/features/Checkout.feature"},{"name":"package","value":"src.test.resources.features.Checkout_feature.Checkout Process"}],"links":[],"name":"Checkout with missing last name","status":"broken","statusDetails":{"known":false,"muted":false,"flaky":false,"message":"Keys to send should be a not null CharSequence","trace":"java.lang.IllegalArgumentException: Keys to send should be a not null CharSequence\r\n\tat org.openqa.selenium.remote.RemoteWebElement.sendKeys(RemoteWebElement.java:96)\r\n\tat pages.BasePage.enterText(BasePage.java:58)\r\n\tat pages.CheckoutPage.enterCheckoutInformation(CheckoutPage.java:45)\r\n\tat stepDefinitions.CheckoutSteps.userEntersCheckoutInformation(CheckoutSteps.java:45)\r\n\tat ✽.user enters checkout information(file:///C:/Users/HP/IdeaProjects/sauce-demo-automation/src/test/resources/features/Checkout.feature:36)\r\n"},"stage":"finished","steps":[{"name":"Given  user is on the SauceDemo login page","status":"passed","statusDetails":{"known":false,"muted":false,"flaky":false},"stage":"finished","steps":[],"attachments":[],"parameters":[],"start":1771433815977,"stop":1771433817077},{"name":"When  user logs in with valid credentials","status":"passed","statusDetails":{"known":false,"muted":false,"flaky":false},"stage":"finished","steps":[],"attachments":[],"parameters":[],"start":1771433817078,"stop":1771433817490},{"name":"And  user adds \"Sauce Labs Backpack\" to cart","status":"passed","statusDetails":{"known":false,"muted":false,"flaky":false},"stage":"finished","steps":[],"attachments":[],"parameters":[],"start":1771433817496,"stop":1771433817629},{"name":"And  user clicks on shopping cart","status":"passed","statusDetails":{"known":false,"muted":false,"flaky":false},"stage":"finished","steps":[],"attachments":[],"parameters":[],"start":1771433817630,"stop":1771433817724},{"name":"And  user is on cart page","status":"passed","statusDetails":{"known":false,"muted":false,"flaky":false},"stage":"finished","steps":[],"attachments":[],"parameters":[],"start":1771433817726,"stop":1771433817776},{"name":"When  user clicks on checkout button","status":"passed","statusDetails":{"known":false,"muted":false,"flaky":false},"stage":"finished","steps":[],"attachments":[],"parameters":[],"start":1771433817777,"stop":1771433817906},{"name":"And  user enters checkout information","status":"broken","statusDetails":{"known":false,"muted":false,"flaky":false,"message":"Keys to send should be a not null CharSequence","trace":"java.lang.IllegalArgumentException: Keys to send should be a not null CharSequence\r\n\tat org.openqa.selenium.remote.RemoteWebElement.sendKeys(RemoteWebElement.java:96)\r\n\tat pages.BasePage.enterText(BasePage.java:58)\r\n\tat pages.CheckoutPage.enterCheckoutInformation(CheckoutPage.java:45)\r\n\tat stepDefinitions.CheckoutSteps.userEntersCheckoutInformation(CheckoutSteps.java:45)\r\n\tat ✽.user enters checkout information(file:///C:/Users/HP/IdeaProjects/sauce-demo-automation/src/test/resources/features/Checkout.feature:36)\r\n"},"stage":"finished","steps":[],"attachments":[{"name":"Data table","source":"205d117c-09d4-41c0-ba58-ea497005b568-attachment.csv","type":"text/tab-separated-values"}],"parameters":[],"start":1771433817908,"stop":1771433818091},{"name":"And  user clicks continue button","status":"skipped","statusDetails":{"known":false,"muted":false,"flaky":false},"stage":"finished","steps":[],"attachments":[],"parameters":[],"start":1771433818094,"stop":1771433818094},{"name":"Then  error message should be displayed","status":"skipped","statusDetails":{"known":false,"muted":false,"flaky":false},"stage":"finished","steps":[],"attachments":[],"parameters":[],"start":1771433818096,"stop":1771433818096},{"name":"And  error message should contain \"Last Name is required\"","status":"skipped","statusDetails":{"known":false,"muted":false,"flaky":false},"stage":"finished","steps":[],"attachments":[],"parameters":[],"start":1771433818097,"stop":1771433818098}],"attachments":[],"parameters":[],"start":1771433814903,"stop":1771433818665}