{"uuid":"fa07bdb7-56bd-49b3-a431-3b3f707cf1ec","historyId":"4bbe075f6bcfa611430616ec9a02bf01","fullName":"src/test/resources/features/Checkout.feature:54","labels":[{"name":"tag","value":"checkout"},{"name":"tag","value":"regression"},{"name":"host","value":"Adarsh"},{"name":"thread","value":"5036@Adarsh.main(1)"},{"name":"feature","value":"Checkout Process"},{"name":"story","value":"Cancel checkout and return to cart"},{"name":"suite","value":"Checkout Process"},{"name":"testClass","value":"Cancel checkout and return to cart"},{"name":"framework","value":"cucumber4jvm"},{"name":"language","value":"java"},{"name":"gherkin_uri","value":"file:///C:/Users/HP/IdeaProjects/sauce-demo-automation/src/test/resources/features/Checkout.feature"},{"name":"package","value":"src.test.resources.features.Checkout_feature.Checkout Process"}],"links":[],"name":"Cancel checkout and return to cart","status":"failed","statusDetails":{"known":false,"muted":false,"flaky":false,"message":"User not on cart page expected [true] but found [false]","trace":"java.lang.AssertionError: User not on cart page expected [true] but found [false]\r\n\tat org.testng.Assert.fail(Assert.java:111)\r\n\tat org.testng.Assert.failNotEquals(Assert.java:1578)\r\n\tat org.testng.Assert.assertTrue(Assert.java:57)\r\n\tat stepDefinitions.ProductSteps.userShouldBeOnCartPage(ProductSteps.java:95)\r\n\tat ✽.user should be on cart page(file:///C:/Users/HP/IdeaProjects/sauce-demo-automation/src/test/resources/features/Checkout.feature:57)\r\n"},"stage":"finished","steps":[{"name":"Given  user is on the SauceDemo login page","status":"passed","statusDetails":{"known":false,"muted":false,"flaky":false},"stage":"finished","steps":[],"attachments":[],"parameters":[],"start":1771434251193,"stop":1771434252204},{"name":"When  user logs in with valid credentials","status":"passed","statusDetails":{"known":false,"muted":false,"flaky":false},"stage":"finished","steps":[],"attachments":[],"parameters":[],"start":1771434252205,"stop":1771434252620},{"name":"And  user adds \"Sauce Labs Backpack\" to cart","status":"passed","statusDetails":{"known":false,"muted":false,"flaky":false},"stage":"finished","steps":[],"attachments":[],"parameters":[],"start":1771434252621,"stop":1771434252737},{"name":"And  user clicks on shopping cart","status":"passed","statusDetails":{"known":false,"muted":false,"flaky":false},"stage":"finished","steps":[],"attachments":[],"parameters":[],"start":1771434252742,"stop":1771434252853},{"name":"And  user is on cart page","status":"passed","statusDetails":{"known":false,"muted":false,"flaky":false},"stage":"finished","steps":[],"attachments":[],"parameters":[],"start":1771434252854,"stop":1771434252900},{"name":"When  user clicks on checkout button","status":"passed","statusDetails":{"known":false,"muted":false,"flaky":false},"stage":"finished","steps":[],"attachments":[],"parameters":[],"start":1771434252900,"stop":1771434252987},{"name":"And  user clicks cancel button","status":"passed","statusDetails":{"known":false,"muted":false,"flaky":false},"stage":"finished","steps":[],"attachments":[],"parameters":[],"start":1771434252989,"stop":1771434253088},{"name":"Then  user should be on cart page","status":"failed","statusDetails":{"known":false,"muted":false,"flaky":false,"message":"User not on cart page expected [true] but found [false]","trace":"java.lang.AssertionError: User not on cart page expected [true] but found [false]\r\n\tat org.testng.Assert.fail(Assert.java:111)\r\n\tat org.testng.Assert.failNotEquals(Assert.java:1578)\r\n\tat org.testng.Assert.assertTrue(Assert.java:57)\r\n\tat stepDefinitions.ProductSteps.userShouldBeOnCartPage(ProductSteps.java:95)\r\n\tat ✽.user should be on cart page(file:///C:/Users/HP/IdeaProjects/sauce-demo-automation/src/test/resources/features/Checkout.feature:57)\r\n"},"stage":"finished","steps":[],"attachments":[],"parameters":[],"start":1771434253089,"stop":1771434253095}],"attachments":[],"parameters":[],"start":1771434249949,"stop":1771434253713}