{"uuid":"fcac959d-61eb-4f4d-b138-fadd41570621","historyId":"59a89a9d31ca740ac6e7fbec4cda975d","fullName":"src/test/resources/features/Checkout.feature:15","labels":[{"name":"tag","value":"checkout"},{"name":"tag","value":"smoke"},{"name":"tag","value":"e2e"},{"name":"host","value":"Adarsh"},{"name":"thread","value":"1716@Adarsh.TestNG-tests-1(25)"},{"name":"feature","value":"Checkout Process"},{"name":"story","value":"Complete checkout with valid information"},{"name":"suite","value":"Checkout Process"},{"name":"testClass","value":"Complete checkout with valid information"},{"name":"framework","value":"cucumber4jvm"},{"name":"language","value":"java"},{"name":"gherkin_uri","value":"file:///C:/Users/HP/IdeaProjects/sauce-demo-automation/src/test/resources/features/Checkout.feature"},{"name":"package","value":"src.test.resources.features.Checkout_feature.Checkout Process"}],"links":[],"name":"Complete checkout with valid information","status":"failed","statusDetails":{"known":false,"muted":false,"flaky":false,"message":"User not on checkout overview page expected [true] but found [false]","trace":"java.lang.AssertionError: User not on checkout overview page expected [true] but found [false]\r\n\tat org.testng.Assert.fail(Assert.java:111)\r\n\tat org.testng.Assert.failNotEquals(Assert.java:1578)\r\n\tat org.testng.Assert.assertTrue(Assert.java:57)\r\n\tat stepDefinitions.CheckoutSteps.userShouldBeOnCheckoutOverviewPage(CheckoutSteps.java:55)\r\n\tat ✽.user should be on checkout overview page(file:///C:/Users/HP/IdeaProjects/sauce-demo-automation/src/test/resources/features/Checkout.feature:21)\r\n"},"stage":"finished","description":"  As a logged in user with items in cart\n  I want to complete the checkout process\n  So that I can purchase the products","steps":[{"name":"Given  user is on the SauceDemo login page","status":"passed","statusDetails":{"known":false,"muted":false,"flaky":false},"stage":"finished","steps":[],"attachments":[],"parameters":[],"start":1771431708125,"stop":1771431709672},{"name":"When  user logs in with valid credentials","status":"passed","statusDetails":{"known":false,"muted":false,"flaky":false},"stage":"finished","steps":[],"attachments":[],"parameters":[],"start":1771431709674,"stop":1771431710066},{"name":"And  user adds \"Sauce Labs Backpack\" to cart","status":"passed","statusDetails":{"known":false,"muted":false,"flaky":false},"stage":"finished","steps":[],"attachments":[],"parameters":[],"start":1771431710070,"stop":1771431710188},{"name":"And  user clicks on shopping cart","status":"passed","statusDetails":{"known":false,"muted":false,"flaky":false},"stage":"finished","steps":[],"attachments":[],"parameters":[],"start":1771431710191,"stop":1771431710298},{"name":"And  user is on cart page","status":"passed","statusDetails":{"known":false,"muted":false,"flaky":false},"stage":"finished","steps":[],"attachments":[],"parameters":[],"start":1771431710301,"stop":1771431710361},{"name":"When  user clicks on checkout button","status":"passed","statusDetails":{"known":false,"muted":false,"flaky":false},"stage":"finished","steps":[],"attachments":[],"parameters":[],"start":1771431710362,"stop":1771431710462},{"name":"And  user enters checkout information","status":"passed","statusDetails":{"known":false,"muted":false,"flaky":false},"stage":"finished","steps":[],"attachments":[{"name":"Data table","source":"98443135-cf3a-48a4-8e08-a7341527b490-attachment.csv","type":"text/tab-separated-values"}],"parameters":[],"start":1771431710465,"stop":1771431710790},{"name":"And  user clicks continue button","status":"passed","statusDetails":{"known":false,"muted":false,"flaky":false},"stage":"finished","steps":[],"attachments":[],"parameters":[],"start":1771431710793,"stop":1771431710898},{"name":"Then  user should be on checkout overview page","status":"failed","statusDetails":{"known":false,"muted":false,"flaky":false,"message":"User not on checkout overview page expected [true] but found [false]","trace":"java.lang.AssertionError: User not on checkout overview page expected [true] but found [false]\r\n\tat org.testng.Assert.fail(Assert.java:111)\r\n\tat org.testng.Assert.failNotEquals(Assert.java:1578)\r\n\tat org.testng.Assert.assertTrue(Assert.java:57)\r\n\tat stepDefinitions.CheckoutSteps.userShouldBeOnCheckoutOverviewPage(CheckoutSteps.java:55)\r\n\tat ✽.user should be on checkout overview page(file:///C:/Users/HP/IdeaProjects/sauce-demo-automation/src/test/resources/features/Checkout.feature:21)\r\n"},"stage":"finished","steps":[],"attachments":[],"parameters":[],"start":1771431710899,"stop":1771431710920},{"name":"When  user clicks finish button","status":"skipped","statusDetails":{"known":false,"muted":false,"flaky":false},"stage":"finished","steps":[],"attachments":[],"parameters":[],"start":1771431710923,"stop":1771431710925},{"name":"Then  checkout should be complete","status":"skipped","statusDetails":{"known":false,"muted":false,"flaky":false},"stage":"finished","steps":[],"attachments":[],"parameters":[],"start":1771431710926,"stop":1771431710926},{"name":"And  completion message should be displayed","status":"skipped","statusDetails":{"known":false,"muted":false,"flaky":false},"stage":"finished","steps":[],"attachments":[],"parameters":[],"start":1771431710927,"stop":1771431710928},{"name":"And  message should contain \"Thank you for your order\"","status":"skipped","statusDetails":{"known":false,"muted":false,"flaky":false},"stage":"finished","steps":[],"attachments":[],"parameters":[],"start":1771431710929,"stop":1771431710930}],"attachments":[],"parameters":[],"start":1771431706156,"stop":1771431711466}