{"uuid":"fde5ee00-e5be-4df9-b91b-f4e740c1f87d","historyId":"814b24161cc41e9cdf9842c665c3e7fa","fullName":"src/test/resources/features/Checkout.feature:34","labels":[{"name":"tag","value":"checkout"},{"name":"tag","value":"regression"},{"name":"host","value":"Adarsh"},{"name":"thread","value":"10916@Adarsh.TestNG-tests-2(26)"},{"name":"feature","value":"Checkout Process"},{"name":"story","value":"Checkout with missing last name"},{"name":"suite","value":"Checkout Process"},{"name":"testClass","value":"Checkout with missing last name"},{"name":"framework","value":"cucumber4jvm"},{"name":"language","value":"java"},{"name":"gherkin_uri","value":"file:///C:/Users/HP/IdeaProjects/sauce-demo-automation/src/test/resources/features/Checkout.feature"},{"name":"package","value":"src.test.resources.features.Checkout_feature.Checkout Process"}],"links":[],"name":"Checkout with missing last name","status":"broken","statusDetails":{"known":false,"muted":false,"flaky":false,"message":"Keys to send should be a not null CharSequence","trace":"java.lang.IllegalArgumentException: Keys to send should be a not null CharSequence\r\n\tat org.openqa.selenium.remote.RemoteWebElement.sendKeys(RemoteWebElement.java:96)\r\n\tat pages.BasePage.enterText(BasePage.java:58)\r\n\tat pages.CheckoutPage.enterCheckoutInformation(CheckoutPage.java:45)\r\n\tat stepDefinitions.CheckoutSteps.userEntersCheckoutInformation(CheckoutSteps.java:45)\r\n\tat ✽.user enters checkout information(file:///C:/Users/HP/IdeaProjects/sauce-demo-automation/src/test/resources/features/Checkout.feature:36)\r\n"},"stage":"finished","steps":[{"name":"Given  user is on the SauceDemo login page","status":"passed","statusDetails":{"known":false,"muted":false,"flaky":false},"stage":"finished","steps":[],"attachments":[],"parameters":[],"start":1771433958110,"stop":1771433959471},{"name":"When  user logs in with valid credentials","status":"passed","statusDetails":{"known":false,"muted":false,"flaky":false},"stage":"finished","steps":[],"attachments":[],"parameters":[],"start":1771433959473,"stop":1771433959927},{"name":"And  user adds \"Sauce Labs Backpack\" to cart","status":"passed","statusDetails":{"known":false,"muted":false,"flaky":false},"stage":"finished","steps":[],"attachments":[],"parameters":[],"start":1771433959934,"stop":1771433960073},{"name":"And  user clicks on shopping cart","status":"passed","statusDetails":{"known":false,"muted":false,"flaky":false},"stage":"finished","steps":[],"attachments":[],"parameters":[],"start":1771433960075,"stop":1771433960188},{"name":"And  user is on cart page","status":"passed","statusDetails":{"known":false,"muted":false,"flaky":false},"stage":"finished","steps":[],"attachments":[],"parameters":[],"start":1771433960191,"stop":1771433960247},{"name":"When  user clicks on checkout button","status":"passed","statusDetails":{"known":false,"muted":false,"flaky":false},"stage":"finished","steps":[],"attachments":[],"parameters":[],"start":1771433960249,"stop":1771433960364},{"name":"And  user enters checkout information","status":"broken","statusDetails":{"known":false,"muted":false,"flaky":false,"message":"Keys to send should be a not null CharSequence","trace":"java.lang.IllegalArgumentException: Keys to send should be a not null CharSequence\r\n\tat org.openqa.selenium.remote.RemoteWebElement.sendKeys(RemoteWebElement.java:96)\r\n\tat pages.BasePage.enterText(BasePage.java:58)\r\n\tat pages.CheckoutPage.enterCheckoutInformation(CheckoutPage.java:45)\r\n\tat stepDefinitions.CheckoutSteps.userEntersCheckoutInformation(CheckoutSteps.java:45)\r\n\tat ✽.user enters checkout information(file:///C:/Users/HP/IdeaProjects/sauce-demo-automation/src/test/resources/features/Checkout.feature:36)\r\n"},"stage":"finished","steps":[],"attachments":[{"name":"Data table","source":"4adf567a-8878-43ab-87f2-afd39f9b4cb1-attachment.csv","type":"text/tab-separated-values"}],"parameters":[],"start":1771433960366,"stop":1771433960557},{"name":"And  user clicks continue button","status":"skipped","statusDetails":{"known":false,"muted":false,"flaky":false},"stage":"finished","steps":[],"attachments":[],"parameters":[],"start":1771433960558,"stop":1771433960558},{"name":"Then  error message should be displayed","status":"skipped","statusDetails":{"known":false,"muted":false,"flaky":false},"stage":"finished","steps":[],"attachments":[],"parameters":[],"start":1771433960560,"stop":1771433960561},{"name":"And  error message should contain \"Last Name is required\"","status":"skipped","statusDetails":{"known":false,"muted":false,"flaky":false},"stage":"finished","steps":[],"attachments":[],"parameters":[],"start":1771433960562,"stop":1771433960563}],"attachments":[],"parameters":[],"start":1771433956898,"stop":1771433961136}